mode: atomic
github.com/codeGROOVE-dev/prx/pkg/prx/cache.go:44.90,46.32 2 13
github.com/codeGROOVE-dev/prx/pkg/prx/cache.go:46.32,48.3 1 1
github.com/codeGROOVE-dev/prx/pkg/prx/cache.go:50.2,50.62 1 12
github.com/codeGROOVE-dev/prx/pkg/prx/cache.go:50.62,52.3 1 0
github.com/codeGROOVE-dev/prx/pkg/prx/cache.go:55.2,69.16 6 12
github.com/codeGROOVE-dev/prx/pkg/prx/cache.go:73.141,75.2 1 5
github.com/codeGROOVE-dev/prx/pkg/prx/cache.go:80.29,85.41 3 1
github.com/codeGROOVE-dev/prx/pkg/prx/cache.go:85.41,87.83 1 1
github.com/codeGROOVE-dev/prx/pkg/prx/cache.go:87.83,90.18 3 0
github.com/codeGROOVE-dev/prx/pkg/prx/cache.go:90.18,93.22 2 0
github.com/codeGROOVE-dev/prx/pkg/prx/cache.go:96.4,101.23 2 0
github.com/codeGROOVE-dev/prx/pkg/prx/cache.go:103.3,108.36 1 1
github.com/codeGROOVE-dev/prx/pkg/prx/cache.go:109.8,114.3 1 0
github.com/codeGROOVE-dev/prx/pkg/prx/cache.go:118.2,119.16 2 1
github.com/codeGROOVE-dev/prx/pkg/prx/cache.go:119.16,121.3 1 0
github.com/codeGROOVE-dev/prx/pkg/prx/cache.go:124.2,125.16 2 1
github.com/codeGROOVE-dev/prx/pkg/prx/cache.go:125.16,128.3 2 0
github.com/codeGROOVE-dev/prx/pkg/prx/cache.go:130.2,136.16 3 1
github.com/codeGROOVE-dev/prx/pkg/prx/cache.go:136.16,138.3 1 0
github.com/codeGROOVE-dev/prx/pkg/prx/cache.go:140.2,140.20 1 1
github.com/codeGROOVE-dev/prx/pkg/prx/cache.go:143.54,149.2 4 10
github.com/codeGROOVE-dev/prx/pkg/prx/cache.go:151.78,155.16 3 4
github.com/codeGROOVE-dev/prx/pkg/prx/cache.go:155.16,156.26 1 1
github.com/codeGROOVE-dev/prx/pkg/prx/cache.go:156.26,158.4 1 0
github.com/codeGROOVE-dev/prx/pkg/prx/cache.go:159.3,159.15 1 1
github.com/codeGROOVE-dev/prx/pkg/prx/cache.go:161.2,161.15 1 3
github.com/codeGROOVE-dev/prx/pkg/prx/cache.go:161.15,162.48 1 3
github.com/codeGROOVE-dev/prx/pkg/prx/cache.go:162.48,164.4 1 0
github.com/codeGROOVE-dev/prx/pkg/prx/cache.go:167.2,167.56 1 3
github.com/codeGROOVE-dev/prx/pkg/prx/cache.go:167.56,170.3 2 1
github.com/codeGROOVE-dev/prx/pkg/prx/cache.go:172.2,172.13 1 2
github.com/codeGROOVE-dev/prx/pkg/prx/cache.go:175.79,180.16 4 3
github.com/codeGROOVE-dev/prx/pkg/prx/cache.go:180.16,182.3 1 0
github.com/codeGROOVE-dev/prx/pkg/prx/cache.go:184.2,186.42 3 3
github.com/codeGROOVE-dev/prx/pkg/prx/cache.go:186.42,187.48 1 0
github.com/codeGROOVE-dev/prx/pkg/prx/cache.go:187.48,189.4 1 0
github.com/codeGROOVE-dev/prx/pkg/prx/cache.go:190.3,190.56 1 0
github.com/codeGROOVE-dev/prx/pkg/prx/cache.go:190.56,192.4 1 0
github.com/codeGROOVE-dev/prx/pkg/prx/cache.go:193.3,193.52 1 0
github.com/codeGROOVE-dev/prx/pkg/prx/cache.go:196.2,196.37 1 3
github.com/codeGROOVE-dev/prx/pkg/prx/cache.go:196.37,197.56 1 0
github.com/codeGROOVE-dev/prx/pkg/prx/cache.go:197.56,199.4 1 0
github.com/codeGROOVE-dev/prx/pkg/prx/cache.go:200.3,200.51 1 0
github.com/codeGROOVE-dev/prx/pkg/prx/cache.go:203.2,203.49 1 3
github.com/codeGROOVE-dev/prx/pkg/prx/cache.go:203.49,204.56 1 0
github.com/codeGROOVE-dev/prx/pkg/prx/cache.go:204.56,206.4 1 0
github.com/codeGROOVE-dev/prx/pkg/prx/cache.go:207.3,207.52 1 0
github.com/codeGROOVE-dev/prx/pkg/prx/cache.go:210.2,210.12 1 3
github.com/codeGROOVE-dev/prx/pkg/prx/cache.go:213.40,217.16 3 15
github.com/codeGROOVE-dev/prx/pkg/prx/cache.go:217.16,220.3 2 0
github.com/codeGROOVE-dev/prx/pkg/prx/cache.go:222.2,225.32 3 15
github.com/codeGROOVE-dev/prx/pkg/prx/cache.go:225.32,226.65 1 7
github.com/codeGROOVE-dev/prx/pkg/prx/cache.go:226.65,227.12 1 3
github.com/codeGROOVE-dev/prx/pkg/prx/cache.go:230.3,231.17 2 4
github.com/codeGROOVE-dev/prx/pkg/prx/cache.go:231.17,232.12 1 0
github.com/codeGROOVE-dev/prx/pkg/prx/cache.go:235.3,235.36 1 4
github.com/codeGROOVE-dev/prx/pkg/prx/cache.go:235.36,237.42 2 2
github.com/codeGROOVE-dev/prx/pkg/prx/cache.go:237.42,239.5 1 0
github.com/codeGROOVE-dev/prx/pkg/prx/cache.go:239.10,241.5 1 2
github.com/codeGROOVE-dev/prx/pkg/prx/cache.go:245.2,245.17 1 15
github.com/codeGROOVE-dev/prx/pkg/prx/cache.go:245.17,247.3 1 2
github.com/codeGROOVE-dev/prx/pkg/prx/client.go:40.45,41.25 1 1
github.com/codeGROOVE-dev/prx/pkg/prx/client.go:41.25,43.3 1 1
github.com/codeGROOVE-dev/prx/pkg/prx/client.go:47.53,48.25 1 3
github.com/codeGROOVE-dev/prx/pkg/prx/client.go:48.25,50.34 1 3
github.com/codeGROOVE-dev/prx/pkg/prx/client.go:50.34,52.4 1 0
github.com/codeGROOVE-dev/prx/pkg/prx/client.go:52.9,52.66 1 3
github.com/codeGROOVE-dev/prx/pkg/prx/client.go:52.66,54.4 1 3
github.com/codeGROOVE-dev/prx/pkg/prx/client.go:55.3,55.79 1 3
github.com/codeGROOVE-dev/prx/pkg/prx/client.go:60.27,61.25 1 12
github.com/codeGROOVE-dev/prx/pkg/prx/client.go:61.25,67.3 2 12
github.com/codeGROOVE-dev/prx/pkg/prx/client.go:73.54,83.16 3 13
github.com/codeGROOVE-dev/prx/pkg/prx/client.go:83.16,85.3 1 0
github.com/codeGROOVE-dev/prx/pkg/prx/client.go:86.2,101.27 3 13
github.com/codeGROOVE-dev/prx/pkg/prx/client.go:101.27,102.61 1 13
github.com/codeGROOVE-dev/prx/pkg/prx/client.go:102.61,104.4 1 13
github.com/codeGROOVE-dev/prx/pkg/prx/client.go:104.9,109.4 1 0
github.com/codeGROOVE-dev/prx/pkg/prx/client.go:110.8,114.3 1 0
github.com/codeGROOVE-dev/prx/pkg/prx/client.go:116.2,116.27 1 13
github.com/codeGROOVE-dev/prx/pkg/prx/client.go:116.27,118.3 1 16
github.com/codeGROOVE-dev/prx/pkg/prx/client.go:119.2,119.10 1 13
github.com/codeGROOVE-dev/prx/pkg/prx/client.go:123.111,125.2 1 1
github.com/codeGROOVE-dev/prx/pkg/prx/client.go:133.29,134.22 1 6
github.com/codeGROOVE-dev/prx/pkg/prx/client.go:134.22,137.3 2 1
github.com/codeGROOVE-dev/prx/pkg/prx/client.go:138.2,138.60 1 5
github.com/codeGROOVE-dev/prx/pkg/prx/client_graphql.go:13.121,18.16 3 6
github.com/codeGROOVE-dev/prx/pkg/prx/client_graphql.go:18.16,21.3 1 0
github.com/codeGROOVE-dev/prx/pkg/prx/client_graphql.go:25.2,26.16 2 6
github.com/codeGROOVE-dev/prx/pkg/prx/client_graphql.go:26.16,28.3 1 0
github.com/codeGROOVE-dev/prx/pkg/prx/client_graphql.go:28.8,28.82 1 6
github.com/codeGROOVE-dev/prx/pkg/prx/client_graphql.go:28.82,32.3 1 0
github.com/codeGROOVE-dev/prx/pkg/prx/client_graphql.go:35.2,42.16 4 6
github.com/codeGROOVE-dev/prx/pkg/prx/client_graphql.go:42.16,44.3 1 0
github.com/codeGROOVE-dev/prx/pkg/prx/client_graphql.go:44.8,46.33 1 6
github.com/codeGROOVE-dev/prx/pkg/prx/client_graphql.go:46.33,47.41 1 0
github.com/codeGROOVE-dev/prx/pkg/prx/client_graphql.go:47.41,48.38 1 0
github.com/codeGROOVE-dev/prx/pkg/prx/client_graphql.go:48.38,50.11 2 0
github.com/codeGROOVE-dev/prx/pkg/prx/client_graphql.go:56.3,59.30 2 6
github.com/codeGROOVE-dev/prx/pkg/prx/client_graphql.go:59.30,61.4 1 0
github.com/codeGROOVE-dev/prx/pkg/prx/client_graphql.go:63.3,63.89 1 6
github.com/codeGROOVE-dev/prx/pkg/prx/client_graphql.go:67.2,67.48 1 6
github.com/codeGROOVE-dev/prx/pkg/prx/client_graphql.go:67.48,69.3 1 3
github.com/codeGROOVE-dev/prx/pkg/prx/client_graphql.go:71.2,72.29 2 6
github.com/codeGROOVE-dev/prx/pkg/prx/client_graphql.go:72.29,74.3 1 0
github.com/codeGROOVE-dev/prx/pkg/prx/client_graphql.go:76.2,81.20 2 6
github.com/codeGROOVE-dev/prx/pkg/prx/client_graphql.go:85.95,90.16 4 6
github.com/codeGROOVE-dev/prx/pkg/prx/client_graphql.go:90.16,92.3 1 0
github.com/codeGROOVE-dev/prx/pkg/prx/client_graphql.go:94.2,95.35 2 6
github.com/codeGROOVE-dev/prx/pkg/prx/client_graphql.go:95.35,96.33 1 0
github.com/codeGROOVE-dev/prx/pkg/prx/client_graphql.go:96.33,97.39 1 0
github.com/codeGROOVE-dev/prx/pkg/prx/client_graphql.go:97.39,98.93 1 0
github.com/codeGROOVE-dev/prx/pkg/prx/client_graphql.go:98.93,99.65 1 0
github.com/codeGROOVE-dev/prx/pkg/prx/client_graphql.go:99.65,101.7 1 0
github.com/codeGROOVE-dev/prx/pkg/prx/client_graphql.go:107.2,110.28 2 6
github.com/codeGROOVE-dev/prx/pkg/prx/client_graphql.go:114.100,115.15 1 6
github.com/codeGROOVE-dev/prx/pkg/prx/client_graphql.go:115.15,117.3 1 0
github.com/codeGROOVE-dev/prx/pkg/prx/client_graphql.go:119.2,121.63 3 6
github.com/codeGROOVE-dev/prx/pkg/prx/client_graphql.go:121.63,123.3 1 0
github.com/codeGROOVE-dev/prx/pkg/prx/client_graphql.go:125.2,126.42 2 6
github.com/codeGROOVE-dev/prx/pkg/prx/client_graphql.go:126.42,127.17 1 0
github.com/codeGROOVE-dev/prx/pkg/prx/client_graphql.go:127.17,128.12 1 0
github.com/codeGROOVE-dev/prx/pkg/prx/client_graphql.go:131.3,134.10 3 0
github.com/codeGROOVE-dev/prx/pkg/prx/client_graphql.go:135.34,137.45 2 0
github.com/codeGROOVE-dev/prx/pkg/prx/client_graphql.go:138.32,140.41 2 0
github.com/codeGROOVE-dev/prx/pkg/prx/client_graphql.go:141.11,143.12 1 0
github.com/codeGROOVE-dev/prx/pkg/prx/client_graphql.go:146.3,156.10 2 0
github.com/codeGROOVE-dev/prx/pkg/prx/client_graphql.go:157.59,158.83 1 0
github.com/codeGROOVE-dev/prx/pkg/prx/client_graphql.go:159.31,160.40 1 0
github.com/codeGROOVE-dev/prx/pkg/prx/client_graphql.go:161.33,162.42 1 0
github.com/codeGROOVE-dev/prx/pkg/prx/client_graphql.go:163.11,163.11 0 0
github.com/codeGROOVE-dev/prx/pkg/prx/client_graphql.go:167.3,167.33 1 0
github.com/codeGROOVE-dev/prx/pkg/prx/client_graphql.go:170.2,170.20 1 6
github.com/codeGROOVE-dev/prx/pkg/prx/client_graphql.go:174.76,178.31 2 6
github.com/codeGROOVE-dev/prx/pkg/prx/client_graphql.go:178.31,180.84 2 9
github.com/codeGROOVE-dev/prx/pkg/prx/client_graphql.go:180.84,182.4 1 0
github.com/codeGROOVE-dev/prx/pkg/prx/client_graphql.go:186.2,186.44 1 6
github.com/codeGROOVE-dev/prx/pkg/prx/client_graphql.go:186.44,187.62 1 6
github.com/codeGROOVE-dev/prx/pkg/prx/client_graphql.go:187.62,190.31 2 0
github.com/codeGROOVE-dev/prx/pkg/prx/client_graphql.go:190.31,191.19 1 0
github.com/codeGROOVE-dev/prx/pkg/prx/client_graphql.go:191.19,193.11 2 0
github.com/codeGROOVE-dev/prx/pkg/prx/client_graphql.go:196.4,196.14 1 0
github.com/codeGROOVE-dev/prx/pkg/prx/client_graphql.go:196.14,198.5 1 0
github.com/codeGROOVE-dev/prx/pkg/prx/client_graphql.go:202.2,202.17 1 6
github.com/codeGROOVE-dev/prx/pkg/prx/client_graphql.go:206.133,207.44 1 0
github.com/codeGROOVE-dev/prx/pkg/prx/client_graphql.go:207.44,217.3 1 0
github.com/codeGROOVE-dev/prx/pkg/prx/client_graphql.go:219.2,222.32 2 0
github.com/codeGROOVE-dev/prx/pkg/prx/client_graphql.go:222.32,224.32 2 0
github.com/codeGROOVE-dev/prx/pkg/prx/client_graphql.go:224.32,225.12 1 0
github.com/codeGROOVE-dev/prx/pkg/prx/client_graphql.go:228.3,229.17 2 0
github.com/codeGROOVE-dev/prx/pkg/prx/client_graphql.go:229.17,231.4 1 0
github.com/codeGROOVE-dev/prx/pkg/prx/client_graphql.go:233.3,233.24 1 0
github.com/codeGROOVE-dev/prx/pkg/prx/client_graphql.go:234.18,237.39 2 0
github.com/codeGROOVE-dev/prx/pkg/prx/client_graphql.go:238.50,241.39 2 0
github.com/codeGROOVE-dev/prx/pkg/prx/client_graphql.go:242.20,244.39 2 0
github.com/codeGROOVE-dev/prx/pkg/prx/client_graphql.go:245.18,247.39 2 0
github.com/codeGROOVE-dev/prx/pkg/prx/client_graphql.go:248.16,250.39 2 0
github.com/codeGROOVE-dev/prx/pkg/prx/client_graphql.go:251.18,253.39 2 0
github.com/codeGROOVE-dev/prx/pkg/prx/client_graphql.go:254.54,256.57 1 0
github.com/codeGROOVE-dev/prx/pkg/prx/client_graphql.go:256.57,258.5 1 0
github.com/codeGROOVE-dev/prx/pkg/prx/client_graphql.go:259.11,259.11 0 0
github.com/codeGROOVE-dev/prx/pkg/prx/client_graphql.go:265.2,265.81 1 0
github.com/codeGROOVE-dev/prx/pkg/prx/client_graphql.go:269.71,272.24 2 0
github.com/codeGROOVE-dev/prx/pkg/prx/client_graphql.go:272.24,274.64 2 0
github.com/codeGROOVE-dev/prx/pkg/prx/client_graphql.go:274.64,275.12 1 0
github.com/codeGROOVE-dev/prx/pkg/prx/client_graphql.go:278.3,278.24 1 0
github.com/codeGROOVE-dev/prx/pkg/prx/client_graphql.go:279.50,280.21 1 0
github.com/codeGROOVE-dev/prx/pkg/prx/client_graphql.go:281.22,282.21 1 0
github.com/codeGROOVE-dev/prx/pkg/prx/client_graphql.go:283.39,284.20 1 0
github.com/codeGROOVE-dev/prx/pkg/prx/client_graphql.go:285.18,286.21 1 0
github.com/codeGROOVE-dev/prx/pkg/prx/client_graphql.go:287.11,287.11 0 0
github.com/codeGROOVE-dev/prx/pkg/prx/client_graphql.go:293.2,293.16 1 0
github.com/codeGROOVE-dev/prx/pkg/prx/client_graphql.go:293.16,295.3 1 0
github.com/codeGROOVE-dev/prx/pkg/prx/client_graphql.go:296.2,296.16 1 0
github.com/codeGROOVE-dev/prx/pkg/prx/client_graphql.go:296.16,298.3 1 0
github.com/codeGROOVE-dev/prx/pkg/prx/client_graphql.go:299.2,299.15 1 0
github.com/codeGROOVE-dev/prx/pkg/prx/client_graphql.go:299.15,301.3 1 0
github.com/codeGROOVE-dev/prx/pkg/prx/client_graphql.go:302.2,302.16 1 0
github.com/codeGROOVE-dev/prx/pkg/prx/client_graphql.go:302.16,304.3 1 0
github.com/codeGROOVE-dev/prx/pkg/prx/client_graphql.go:305.2,305.22 1 0
github.com/codeGROOVE-dev/prx/pkg/prx/collaborators_cache.go:31.65,38.42 2 25
github.com/codeGROOVE-dev/prx/pkg/prx/collaborators_cache.go:38.42,41.3 1 0
github.com/codeGROOVE-dev/prx/pkg/prx/collaborators_cache.go:43.2,43.11 1 25
github.com/codeGROOVE-dev/prx/pkg/prx/collaborators_cache.go:47.81,54.13 5 12
github.com/codeGROOVE-dev/prx/pkg/prx/collaborators_cache.go:54.13,56.3 1 3
github.com/codeGROOVE-dev/prx/pkg/prx/collaborators_cache.go:59.2,59.61 1 9
github.com/codeGROOVE-dev/prx/pkg/prx/collaborators_cache.go:59.61,61.3 1 1
github.com/codeGROOVE-dev/prx/pkg/prx/collaborators_cache.go:63.2,63.34 1 8
github.com/codeGROOVE-dev/prx/pkg/prx/collaborators_cache.go:67.94,79.2 5 8
github.com/codeGROOVE-dev/prx/pkg/prx/collaborators_cache.go:82.52,84.23 1 25
github.com/codeGROOVE-dev/prx/pkg/prx/collaborators_cache.go:84.23,86.3 1 0
github.com/codeGROOVE-dev/prx/pkg/prx/collaborators_cache.go:88.2,89.16 2 25
github.com/codeGROOVE-dev/prx/pkg/prx/collaborators_cache.go:89.16,90.25 1 12
github.com/codeGROOVE-dev/prx/pkg/prx/collaborators_cache.go:90.25,92.4 1 12
github.com/codeGROOVE-dev/prx/pkg/prx/collaborators_cache.go:93.3,93.60 1 0
github.com/codeGROOVE-dev/prx/pkg/prx/collaborators_cache.go:96.2,97.53 2 13
github.com/codeGROOVE-dev/prx/pkg/prx/collaborators_cache.go:97.53,99.3 1 0
github.com/codeGROOVE-dev/prx/pkg/prx/collaborators_cache.go:101.2,105.32 3 13
github.com/codeGROOVE-dev/prx/pkg/prx/collaborators_cache.go:105.32,106.63 1 26
github.com/codeGROOVE-dev/prx/pkg/prx/collaborators_cache.go:106.63,108.4 1 0
github.com/codeGROOVE-dev/prx/pkg/prx/collaborators_cache.go:111.2,111.12 1 13
github.com/codeGROOVE-dev/prx/pkg/prx/collaborators_cache.go:115.50,117.23 1 8
github.com/codeGROOVE-dev/prx/pkg/prx/collaborators_cache.go:117.23,119.3 1 8
github.com/codeGROOVE-dev/prx/pkg/prx/collaborators_cache.go:122.2,124.30 3 0
github.com/codeGROOVE-dev/prx/pkg/prx/collaborators_cache.go:124.30,126.3 1 0
github.com/codeGROOVE-dev/prx/pkg/prx/collaborators_cache.go:127.2,130.16 3 0
github.com/codeGROOVE-dev/prx/pkg/prx/collaborators_cache.go:130.16,132.3 1 0
github.com/codeGROOVE-dev/prx/pkg/prx/collaborators_cache.go:135.2,136.60 2 0
github.com/codeGROOVE-dev/prx/pkg/prx/collaborators_cache.go:136.60,138.3 1 0
github.com/codeGROOVE-dev/prx/pkg/prx/collaborators_cache.go:140.2,140.57 1 0
github.com/codeGROOVE-dev/prx/pkg/prx/collaborators_cache.go:140.57,142.3 1 0
github.com/codeGROOVE-dev/prx/pkg/prx/collaborators_cache.go:144.2,144.12 1 0
github.com/codeGROOVE-dev/prx/pkg/prx/event_processing.go:6.44,8.41 2 6
github.com/codeGROOVE-dev/prx/pkg/prx/event_processing.go:8.41,10.3 1 3
github.com/codeGROOVE-dev/prx/pkg/prx/event_processing.go:11.2,12.15 2 6
github.com/codeGROOVE-dev/prx/pkg/prx/event_processing.go:17.43,20.24 2 6
github.com/codeGROOVE-dev/prx/pkg/prx/event_processing.go:20.24,23.31 2 9
github.com/codeGROOVE-dev/prx/pkg/prx/event_processing.go:23.31,25.12 2 9
github.com/codeGROOVE-dev/prx/pkg/prx/event_processing.go:29.3,29.29 1 0
github.com/codeGROOVE-dev/prx/pkg/prx/event_processing.go:29.29,31.4 1 0
github.com/codeGROOVE-dev/prx/pkg/prx/event_processing.go:34.2,34.17 1 6
github.com/codeGROOVE-dev/prx/pkg/prx/event_processing.go:39.41,44.24 2 12
github.com/codeGROOVE-dev/prx/pkg/prx/event_processing.go:44.24,46.17 2 23
github.com/codeGROOVE-dev/prx/pkg/prx/event_processing.go:47.100,49.21 1 6
github.com/codeGROOVE-dev/prx/pkg/prx/event_processing.go:49.21,51.5 1 6
github.com/codeGROOVE-dev/prx/pkg/prx/event_processing.go:52.11,52.11 0 17
github.com/codeGROOVE-dev/prx/pkg/prx/event_processing.go:58.2,58.24 1 12
github.com/codeGROOVE-dev/prx/pkg/prx/event_processing.go:58.24,59.49 1 23
github.com/codeGROOVE-dev/prx/pkg/prx/event_processing.go:59.49,60.34 1 4
github.com/codeGROOVE-dev/prx/pkg/prx/event_processing.go:60.34,62.5 1 4
github.com/codeGROOVE-dev/prx/pkg/prx/event_processing.go:68.83,87.24 4 22
github.com/codeGROOVE-dev/prx/pkg/prx/event_processing.go:87.24,89.74 2 32
github.com/codeGROOVE-dev/prx/pkg/prx/event_processing.go:89.74,94.4 1 22
github.com/codeGROOVE-dev/prx/pkg/prx/event_processing.go:98.2,99.39 2 22
github.com/codeGROOVE-dev/prx/pkg/prx/event_processing.go:99.39,101.38 1 21
github.com/codeGROOVE-dev/prx/pkg/prx/event_processing.go:101.38,102.19 1 25
github.com/codeGROOVE-dev/prx/pkg/prx/event_processing.go:102.19,104.10 2 13
github.com/codeGROOVE-dev/prx/pkg/prx/event_processing.go:109.3,109.23 1 21
github.com/codeGROOVE-dev/prx/pkg/prx/event_processing.go:110.18,111.44 1 10
github.com/codeGROOVE-dev/prx/pkg/prx/event_processing.go:112.59,113.44 1 6
github.com/codeGROOVE-dev/prx/pkg/prx/event_processing.go:114.20,115.46 1 2
github.com/codeGROOVE-dev/prx/pkg/prx/event_processing.go:116.54,117.44 1 2
github.com/codeGROOVE-dev/prx/pkg/prx/event_processing.go:118.18,119.44 1 1
github.com/codeGROOVE-dev/prx/pkg/prx/event_processing.go:120.16,121.42 1 0
github.com/codeGROOVE-dev/prx/pkg/prx/event_processing.go:122.18,123.44 1 0
github.com/codeGROOVE-dev/prx/pkg/prx/event_processing.go:124.11,124.11 0 0
github.com/codeGROOVE-dev/prx/pkg/prx/event_processing.go:130.2,130.37 1 22
github.com/codeGROOVE-dev/prx/pkg/prx/event_processing.go:130.37,131.17 1 17
github.com/codeGROOVE-dev/prx/pkg/prx/event_processing.go:131.17,133.4 1 4
github.com/codeGROOVE-dev/prx/pkg/prx/event_processing.go:136.2,136.16 1 22
github.com/codeGROOVE-dev/prx/pkg/prx/event_processing.go:140.64,146.24 3 20
github.com/codeGROOVE-dev/prx/pkg/prx/event_processing.go:146.24,148.44 2 24
github.com/codeGROOVE-dev/prx/pkg/prx/event_processing.go:148.44,150.4 1 13
github.com/codeGROOVE-dev/prx/pkg/prx/event_processing.go:154.2,154.35 1 20
github.com/codeGROOVE-dev/prx/pkg/prx/event_processing.go:154.35,156.25 2 12
github.com/codeGROOVE-dev/prx/pkg/prx/event_processing.go:157.19,159.30 1 9
github.com/codeGROOVE-dev/prx/pkg/prx/event_processing.go:160.31,162.39 1 2
github.com/codeGROOVE-dev/prx/pkg/prx/event_processing.go:163.63,165.41 1 5
github.com/codeGROOVE-dev/prx/pkg/prx/event_processing.go:166.23,168.42 1 2
github.com/codeGROOVE-dev/prx/pkg/prx/event_processing.go:169.12,171.41 1 0
github.com/codeGROOVE-dev/prx/pkg/prx/event_processing.go:173.28,174.30 1 1
github.com/codeGROOVE-dev/prx/pkg/prx/event_processing.go:175.11,175.11 0 2
github.com/codeGROOVE-dev/prx/pkg/prx/event_processing.go:180.2,180.16 1 20
github.com/codeGROOVE-dev/prx/pkg/prx/event_processing.go:185.81,189.21 2 15
github.com/codeGROOVE-dev/prx/pkg/prx/event_processing.go:189.21,191.3 1 9
github.com/codeGROOVE-dev/prx/pkg/prx/event_processing.go:194.2,194.40 1 15
github.com/codeGROOVE-dev/prx/pkg/prx/event_processing.go:194.40,195.21 1 2
github.com/codeGROOVE-dev/prx/pkg/prx/event_processing.go:195.21,196.52 1 2
github.com/codeGROOVE-dev/prx/pkg/prx/event_processing.go:196.52,198.5 1 2
github.com/codeGROOVE-dev/prx/pkg/prx/event_processing.go:203.2,203.37 1 15
github.com/codeGROOVE-dev/prx/pkg/prx/event_processing.go:203.37,204.21 1 2
github.com/codeGROOVE-dev/prx/pkg/prx/event_processing.go:204.21,205.52 1 2
github.com/codeGROOVE-dev/prx/pkg/prx/event_processing.go:205.52,207.5 1 2
github.com/codeGROOVE-dev/prx/pkg/prx/event_processing.go:212.2,212.24 1 15
github.com/codeGROOVE-dev/prx/pkg/prx/event_processing.go:212.24,214.20 2 18
github.com/codeGROOVE-dev/prx/pkg/prx/event_processing.go:214.20,216.50 1 13
github.com/codeGROOVE-dev/prx/pkg/prx/event_processing.go:216.50,219.5 1 3
github.com/codeGROOVE-dev/prx/pkg/prx/event_processing.go:219.10,219.39 1 10
github.com/codeGROOVE-dev/prx/pkg/prx/event_processing.go:219.39,222.5 1 2
github.com/codeGROOVE-dev/prx/pkg/prx/event_processing.go:226.2,226.21 1 15
github.com/codeGROOVE-dev/prx/pkg/prx/github.go:38.41,40.2 1 1
github.com/codeGROOVE-dev/prx/pkg/prx/github.go:50.101,54.16 3 28
github.com/codeGROOVE-dev/prx/pkg/prx/github.go:54.16,56.3 1 0
github.com/codeGROOVE-dev/prx/pkg/prx/github.go:57.2,62.19 4 28
github.com/codeGROOVE-dev/prx/pkg/prx/github.go:62.19,63.40 1 28
github.com/codeGROOVE-dev/prx/pkg/prx/github.go:63.40,65.4 1 27
github.com/codeGROOVE-dev/prx/pkg/prx/github.go:65.9,67.4 1 1
github.com/codeGROOVE-dev/prx/pkg/prx/github.go:70.2,82.16 5 28
github.com/codeGROOVE-dev/prx/pkg/prx/github.go:82.16,85.3 2 1
github.com/codeGROOVE-dev/prx/pkg/prx/github.go:86.2,86.15 1 27
github.com/codeGROOVE-dev/prx/pkg/prx/github.go:86.15,87.53 1 27
github.com/codeGROOVE-dev/prx/pkg/prx/github.go:87.53,89.4 1 0
github.com/codeGROOVE-dev/prx/pkg/prx/github.go:93.2,108.38 3 27
github.com/codeGROOVE-dev/prx/pkg/prx/github.go:108.38,110.21 2 3
github.com/codeGROOVE-dev/prx/pkg/prx/github.go:110.21,112.4 1 0
github.com/codeGROOVE-dev/prx/pkg/prx/github.go:115.3,116.40 2 3
github.com/codeGROOVE-dev/prx/pkg/prx/github.go:116.40,123.34 1 9
github.com/codeGROOVE-dev/prx/pkg/prx/github.go:123.34,125.5 1 6
github.com/codeGROOVE-dev/prx/pkg/prx/github.go:129.3,129.92 1 3
github.com/codeGROOVE-dev/prx/pkg/prx/github.go:129.92,136.4 1 2
github.com/codeGROOVE-dev/prx/pkg/prx/github.go:136.9,143.4 1 1
github.com/codeGROOVE-dev/prx/pkg/prx/github.go:144.3,149.4 1 3
github.com/codeGROOVE-dev/prx/pkg/prx/github.go:152.2,153.16 2 24
github.com/codeGROOVE-dev/prx/pkg/prx/github.go:153.16,155.3 1 0
github.com/codeGROOVE-dev/prx/pkg/prx/github.go:158.2,161.29 4 24
github.com/codeGROOVE-dev/prx/pkg/prx/github.go:161.29,163.69 2 24
github.com/codeGROOVE-dev/prx/pkg/prx/github.go:163.69,165.18 2 2
github.com/codeGROOVE-dev/prx/pkg/prx/github.go:165.18,168.19 3 2
github.com/codeGROOVE-dev/prx/pkg/prx/github.go:168.19,170.6 1 0
github.com/codeGROOVE-dev/prx/pkg/prx/github.go:172.4,172.9 1 2
github.com/codeGROOVE-dev/prx/pkg/prx/github.go:176.2,176.58 1 24
github.com/codeGROOVE-dev/prx/pkg/prx/github.go:180.94,182.16 2 15
github.com/codeGROOVE-dev/prx/pkg/prx/github.go:182.16,184.3 1 1
github.com/codeGROOVE-dev/prx/pkg/prx/github.go:186.2,186.48 1 14
github.com/codeGROOVE-dev/prx/pkg/prx/github.go:186.48,188.3 1 0
github.com/codeGROOVE-dev/prx/pkg/prx/github.go:190.2,190.18 1 14
github.com/codeGROOVE-dev/prx/pkg/prx/github.go:194.104,196.16 2 1
github.com/codeGROOVE-dev/prx/pkg/prx/github.go:196.16,198.3 1 0
github.com/codeGROOVE-dev/prx/pkg/prx/github.go:199.2,199.41 1 1
github.com/codeGROOVE-dev/prx/pkg/prx/github.go:205.106,220.54 4 2
github.com/codeGROOVE-dev/prx/pkg/prx/github.go:220.54,222.3 1 1
github.com/codeGROOVE-dev/prx/pkg/prx/github.go:224.2,225.33 2 1
github.com/codeGROOVE-dev/prx/pkg/prx/github.go:225.33,227.10 1 6
github.com/codeGROOVE-dev/prx/pkg/prx/github.go:228.33,229.34 1 1
github.com/codeGROOVE-dev/prx/pkg/prx/github.go:230.36,231.37 1 1
github.com/codeGROOVE-dev/prx/pkg/prx/github.go:232.32,233.34 1 1
github.com/codeGROOVE-dev/prx/pkg/prx/github.go:234.34,235.35 1 1
github.com/codeGROOVE-dev/prx/pkg/prx/github.go:236.32,237.33 1 1
github.com/codeGROOVE-dev/prx/pkg/prx/github.go:238.11,239.33 1 1
github.com/codeGROOVE-dev/prx/pkg/prx/github.go:243.2,243.20 1 1
github.com/codeGROOVE-dev/prx/pkg/prx/graphql_complete.go:665.134,667.9 2 6
github.com/codeGROOVE-dev/prx/pkg/prx/graphql_complete.go:667.9,669.3 1 0
github.com/codeGROOVE-dev/prx/pkg/prx/graphql_complete.go:672.2,673.16 2 6
github.com/codeGROOVE-dev/prx/pkg/prx/graphql_complete.go:673.16,675.3 1 0
github.com/codeGROOVE-dev/prx/pkg/prx/graphql_complete.go:678.2,696.8 7 6
github.com/codeGROOVE-dev/prx/pkg/prx/graphql_complete.go:702.40,715.16 4 6
github.com/codeGROOVE-dev/prx/pkg/prx/graphql_complete.go:715.16,717.3 1 0
github.com/codeGROOVE-dev/prx/pkg/prx/graphql_complete.go:719.2,720.16 2 6
github.com/codeGROOVE-dev/prx/pkg/prx/graphql_complete.go:720.16,722.3 1 0
github.com/codeGROOVE-dev/prx/pkg/prx/graphql_complete.go:724.2,731.16 6 6
github.com/codeGROOVE-dev/prx/pkg/prx/graphql_complete.go:731.16,733.3 1 0
github.com/codeGROOVE-dev/prx/pkg/prx/graphql_complete.go:734.2,734.15 1 6
github.com/codeGROOVE-dev/prx/pkg/prx/graphql_complete.go:734.15,735.43 1 6
github.com/codeGROOVE-dev/prx/pkg/prx/graphql_complete.go:735.43,737.4 1 0
github.com/codeGROOVE-dev/prx/pkg/prx/graphql_complete.go:740.2,740.38 1 6
github.com/codeGROOVE-dev/prx/pkg/prx/graphql_complete.go:740.38,743.17 3 0
github.com/codeGROOVE-dev/prx/pkg/prx/graphql_complete.go:743.17,745.4 1 0
github.com/codeGROOVE-dev/prx/pkg/prx/graphql_complete.go:746.3,746.93 1 0
github.com/codeGROOVE-dev/prx/pkg/prx/graphql_complete.go:749.2,750.67 2 6
github.com/codeGROOVE-dev/prx/pkg/prx/graphql_complete.go:750.67,752.3 1 0
github.com/codeGROOVE-dev/prx/pkg/prx/graphql_complete.go:754.2,754.28 1 6
github.com/codeGROOVE-dev/prx/pkg/prx/graphql_complete.go:754.28,758.35 3 0
github.com/codeGROOVE-dev/prx/pkg/prx/graphql_complete.go:758.35,766.54 3 0
github.com/codeGROOVE-dev/prx/pkg/prx/graphql_complete.go:766.54,768.5 1 0
github.com/codeGROOVE-dev/prx/pkg/prx/graphql_complete.go:772.3,773.53 2 0
github.com/codeGROOVE-dev/prx/pkg/prx/graphql_complete.go:773.53,775.26 1 0
github.com/codeGROOVE-dev/prx/pkg/prx/graphql_complete.go:775.26,781.5 1 0
github.com/codeGROOVE-dev/prx/pkg/prx/graphql_complete.go:782.4,782.97 1 0
github.com/codeGROOVE-dev/prx/pkg/prx/graphql_complete.go:786.3,786.25 1 0
github.com/codeGROOVE-dev/prx/pkg/prx/graphql_complete.go:786.25,793.4 1 0
github.com/codeGROOVE-dev/prx/pkg/prx/graphql_complete.go:793.9,799.4 1 0
github.com/codeGROOVE-dev/prx/pkg/prx/graphql_complete.go:803.2,811.49 2 6
github.com/codeGROOVE-dev/prx/pkg/prx/graphql_complete.go:980.37,981.23 1 71
github.com/codeGROOVE-dev/prx/pkg/prx/graphql_complete.go:981.23,983.3 1 1
github.com/codeGROOVE-dev/prx/pkg/prx/graphql_complete.go:986.2,986.25 1 70
github.com/codeGROOVE-dev/prx/pkg/prx/graphql_complete.go:986.25,988.3 1 3
github.com/codeGROOVE-dev/prx/pkg/prx/graphql_complete.go:991.2,999.41 3 67
github.com/codeGROOVE-dev/prx/pkg/prx/graphql_complete.go:999.41,1001.3 1 12
github.com/codeGROOVE-dev/prx/pkg/prx/graphql_complete.go:1005.2,1005.60 1 55
github.com/codeGROOVE-dev/prx/pkg/prx/graphql_complete.go:1005.60,1007.3 1 4
github.com/codeGROOVE-dev/prx/pkg/prx/graphql_complete.go:1012.2,1012.81 1 51
github.com/codeGROOVE-dev/prx/pkg/prx/graphql_complete.go:1047.133,1064.26 2 6
github.com/codeGROOVE-dev/prx/pkg/prx/graphql_complete.go:1064.26,1066.3 1 3
github.com/codeGROOVE-dev/prx/pkg/prx/graphql_complete.go:1067.2,1067.26 1 6
github.com/codeGROOVE-dev/prx/pkg/prx/graphql_complete.go:1067.26,1070.3 2 0
github.com/codeGROOVE-dev/prx/pkg/prx/graphql_complete.go:1071.2,1071.26 1 6
github.com/codeGROOVE-dev/prx/pkg/prx/graphql_complete.go:1071.26,1073.3 1 0
github.com/codeGROOVE-dev/prx/pkg/prx/graphql_complete.go:1076.2,1076.31 1 6
github.com/codeGROOVE-dev/prx/pkg/prx/graphql_complete.go:1077.15,1078.30 1 3
github.com/codeGROOVE-dev/prx/pkg/prx/graphql_complete.go:1079.18,1080.33 1 0
github.com/codeGROOVE-dev/prx/pkg/prx/graphql_complete.go:1081.17,1082.32 1 0
github.com/codeGROOVE-dev/prx/pkg/prx/graphql_complete.go:1083.16,1084.31 1 0
github.com/codeGROOVE-dev/prx/pkg/prx/graphql_complete.go:1085.15,1086.30 1 0
github.com/codeGROOVE-dev/prx/pkg/prx/graphql_complete.go:1087.10,1088.61 1 3
github.com/codeGROOVE-dev/prx/pkg/prx/graphql_complete.go:1092.2,1092.29 1 6
github.com/codeGROOVE-dev/prx/pkg/prx/graphql_complete.go:1092.29,1095.3 2 6
github.com/codeGROOVE-dev/prx/pkg/prx/graphql_complete.go:1098.2,1099.48 2 6
github.com/codeGROOVE-dev/prx/pkg/prx/graphql_complete.go:1099.48,1101.3 1 0
github.com/codeGROOVE-dev/prx/pkg/prx/graphql_complete.go:1104.2,1104.42 1 6
github.com/codeGROOVE-dev/prx/pkg/prx/graphql_complete.go:1104.42,1106.3 1 0
github.com/codeGROOVE-dev/prx/pkg/prx/graphql_complete.go:1109.2,1111.11 2 6
github.com/codeGROOVE-dev/prx/pkg/prx/graphql_complete.go:1116.81,1120.52 2 6
github.com/codeGROOVE-dev/prx/pkg/prx/graphql_complete.go:1120.52,1123.27 2 0
github.com/codeGROOVE-dev/prx/pkg/prx/graphql_complete.go:1123.27,1125.4 1 0
github.com/codeGROOVE-dev/prx/pkg/prx/graphql_complete.go:1125.9,1125.33 1 0
github.com/codeGROOVE-dev/prx/pkg/prx/graphql_complete.go:1125.33,1127.4 1 0
github.com/codeGROOVE-dev/prx/pkg/prx/graphql_complete.go:1131.2,1131.36 1 6
github.com/codeGROOVE-dev/prx/pkg/prx/graphql_complete.go:1131.36,1133.32 2 0
github.com/codeGROOVE-dev/prx/pkg/prx/graphql_complete.go:1133.32,1134.12 1 0
github.com/codeGROOVE-dev/prx/pkg/prx/graphql_complete.go:1138.3,1139.40 2 0
github.com/codeGROOVE-dev/prx/pkg/prx/graphql_complete.go:1140.19,1141.31 1 0
github.com/codeGROOVE-dev/prx/pkg/prx/graphql_complete.go:1142.28,1143.39 1 0
github.com/codeGROOVE-dev/prx/pkg/prx/graphql_complete.go:1144.20,1145.32 1 0
github.com/codeGROOVE-dev/prx/pkg/prx/graphql_complete.go:1146.11,1148.12 1 0
github.com/codeGROOVE-dev/prx/pkg/prx/graphql_complete.go:1152.3,1152.41 1 0
github.com/codeGROOVE-dev/prx/pkg/prx/graphql_complete.go:1155.2,1155.18 1 6
github.com/codeGROOVE-dev/prx/pkg/prx/graphql_complete.go:1159.132,1173.42 3 6
github.com/codeGROOVE-dev/prx/pkg/prx/graphql_complete.go:1173.42,1179.37 2 0
github.com/codeGROOVE-dev/prx/pkg/prx/graphql_complete.go:1179.37,1182.4 2 0
github.com/codeGROOVE-dev/prx/pkg/prx/graphql_complete.go:1182.9,1184.4 1 0
github.com/codeGROOVE-dev/prx/pkg/prx/graphql_complete.go:1185.3,1185.33 1 0
github.com/codeGROOVE-dev/prx/pkg/prx/graphql_complete.go:1189.2,1189.36 1 6
github.com/codeGROOVE-dev/prx/pkg/prx/graphql_complete.go:1189.36,1191.25 2 0
github.com/codeGROOVE-dev/prx/pkg/prx/graphql_complete.go:1191.25,1192.12 1 0
github.com/codeGROOVE-dev/prx/pkg/prx/graphql_complete.go:1194.3,1195.32 2 0
github.com/codeGROOVE-dev/prx/pkg/prx/graphql_complete.go:1195.32,1197.4 1 0
github.com/codeGROOVE-dev/prx/pkg/prx/graphql_complete.go:1198.3,1208.33 2 0
github.com/codeGROOVE-dev/prx/pkg/prx/graphql_complete.go:1212.2,1212.50 1 6
github.com/codeGROOVE-dev/prx/pkg/prx/graphql_complete.go:1212.50,1213.49 1 0
github.com/codeGROOVE-dev/prx/pkg/prx/graphql_complete.go:1213.49,1224.4 2 0
github.com/codeGROOVE-dev/prx/pkg/prx/graphql_complete.go:1228.2,1228.46 1 6
github.com/codeGROOVE-dev/prx/pkg/prx/graphql_complete.go:1228.46,1239.3 2 0
github.com/codeGROOVE-dev/prx/pkg/prx/graphql_complete.go:1242.2,1242.50 1 6
github.com/codeGROOVE-dev/prx/pkg/prx/graphql_complete.go:1242.50,1243.71 1 0
github.com/codeGROOVE-dev/prx/pkg/prx/graphql_complete.go:1243.71,1245.25 2 0
github.com/codeGROOVE-dev/prx/pkg/prx/graphql_complete.go:1246.20,1250.12 3 0
github.com/codeGROOVE-dev/prx/pkg/prx/graphql_complete.go:1251.34,1253.48 2 0
github.com/codeGROOVE-dev/prx/pkg/prx/graphql_complete.go:1254.32,1256.44 2 0
github.com/codeGROOVE-dev/prx/pkg/prx/graphql_complete.go:1257.13,1258.14 1 0
github.com/codeGROOVE-dev/prx/pkg/prx/graphql_complete.go:1261.5,1270.12 2 0
github.com/codeGROOVE-dev/prx/pkg/prx/graphql_complete.go:1271.49,1272.73 1 0
github.com/codeGROOVE-dev/prx/pkg/prx/graphql_complete.go:1273.27,1274.36 1 0
github.com/codeGROOVE-dev/prx/pkg/prx/graphql_complete.go:1275.29,1276.38 1 0
github.com/codeGROOVE-dev/prx/pkg/prx/graphql_complete.go:1277.13,1277.13 0 0
github.com/codeGROOVE-dev/prx/pkg/prx/graphql_complete.go:1281.5,1281.35 1 0
github.com/codeGROOVE-dev/prx/pkg/prx/graphql_complete.go:1283.25,1284.30 1 0
github.com/codeGROOVE-dev/prx/pkg/prx/graphql_complete.go:1284.30,1285.14 1 0
github.com/codeGROOVE-dev/prx/pkg/prx/graphql_complete.go:1287.5,1294.28 2 0
github.com/codeGROOVE-dev/prx/pkg/prx/graphql_complete.go:1294.28,1297.6 2 0
github.com/codeGROOVE-dev/prx/pkg/prx/graphql_complete.go:1298.5,1298.35 1 0
github.com/codeGROOVE-dev/prx/pkg/prx/graphql_complete.go:1299.12,1299.12 0 0
github.com/codeGROOVE-dev/prx/pkg/prx/graphql_complete.go:1306.2,1306.48 1 6
github.com/codeGROOVE-dev/prx/pkg/prx/graphql_complete.go:1306.48,1308.19 2 0
github.com/codeGROOVE-dev/prx/pkg/prx/graphql_complete.go:1308.19,1310.4 1 0
github.com/codeGROOVE-dev/prx/pkg/prx/graphql_complete.go:1314.2,1314.43 1 6
github.com/codeGROOVE-dev/prx/pkg/prx/graphql_complete.go:1314.43,1319.27 2 3
github.com/codeGROOVE-dev/prx/pkg/prx/graphql_complete.go:1319.27,1323.4 3 0
github.com/codeGROOVE-dev/prx/pkg/prx/graphql_complete.go:1324.3,1324.33 1 3
github.com/codeGROOVE-dev/prx/pkg/prx/graphql_complete.go:1327.2,1327.15 1 6
github.com/codeGROOVE-dev/prx/pkg/prx/graphql_complete.go:1333.135,1335.9 2 29
github.com/codeGROOVE-dev/prx/pkg/prx/graphql_complete.go:1335.9,1337.3 1 0
github.com/codeGROOVE-dev/prx/pkg/prx/graphql_complete.go:1340.2,1340.41 1 29
github.com/codeGROOVE-dev/prx/pkg/prx/graphql_complete.go:1340.41,1341.40 1 29
github.com/codeGROOVE-dev/prx/pkg/prx/graphql_complete.go:1341.40,1342.59 1 29
github.com/codeGROOVE-dev/prx/pkg/prx/graphql_complete.go:1342.59,1344.5 1 29
github.com/codeGROOVE-dev/prx/pkg/prx/graphql_complete.go:1346.3,1346.13 1 0
github.com/codeGROOVE-dev/prx/pkg/prx/graphql_complete.go:1350.2,1350.28 1 29
github.com/codeGROOVE-dev/prx/pkg/prx/graphql_complete.go:1350.28,1351.54 1 29
github.com/codeGROOVE-dev/prx/pkg/prx/graphql_complete.go:1351.54,1352.48 1 29
github.com/codeGROOVE-dev/prx/pkg/prx/graphql_complete.go:1352.48,1354.5 1 29
github.com/codeGROOVE-dev/prx/pkg/prx/graphql_complete.go:1356.3,1356.19 1 0
github.com/codeGROOVE-dev/prx/pkg/prx/graphql_complete.go:1360.2,1360.28 1 29
github.com/codeGROOVE-dev/prx/pkg/prx/graphql_complete.go:1360.28,1361.54 1 29
github.com/codeGROOVE-dev/prx/pkg/prx/graphql_complete.go:1361.54,1363.48 2 29
github.com/codeGROOVE-dev/prx/pkg/prx/graphql_complete.go:1363.48,1365.5 1 29
github.com/codeGROOVE-dev/prx/pkg/prx/graphql_complete.go:1366.4,1366.42 1 29
github.com/codeGROOVE-dev/prx/pkg/prx/graphql_complete.go:1366.42,1368.5 1 0
github.com/codeGROOVE-dev/prx/pkg/prx/graphql_complete.go:1369.4,1369.51 1 29
github.com/codeGROOVE-dev/prx/pkg/prx/graphql_complete.go:1369.51,1371.5 1 0
github.com/codeGROOVE-dev/prx/pkg/prx/graphql_complete.go:1372.4,1372.26 1 29
github.com/codeGROOVE-dev/prx/pkg/prx/graphql_complete.go:1374.3,1374.15 1 0
github.com/codeGROOVE-dev/prx/pkg/prx/graphql_complete.go:1377.2,1378.22 2 29
github.com/codeGROOVE-dev/prx/pkg/prx/graphql_complete.go:1378.22,1380.3 1 0
github.com/codeGROOVE-dev/prx/pkg/prx/graphql_complete.go:1382.2,1388.18 2 29
github.com/codeGROOVE-dev/prx/pkg/prx/graphql_complete.go:1389.23,1391.60 2 0
github.com/codeGROOVE-dev/prx/pkg/prx/graphql_complete.go:1391.60,1392.51 1 0
github.com/codeGROOVE-dev/prx/pkg/prx/graphql_complete.go:1392.51,1394.5 1 0
github.com/codeGROOVE-dev/prx/pkg/prx/graphql_complete.go:1397.25,1399.60 2 0
github.com/codeGROOVE-dev/prx/pkg/prx/graphql_complete.go:1399.60,1400.51 1 0
github.com/codeGROOVE-dev/prx/pkg/prx/graphql_complete.go:1400.51,1402.5 1 0
github.com/codeGROOVE-dev/prx/pkg/prx/graphql_complete.go:1405.22,1407.54 2 0
github.com/codeGROOVE-dev/prx/pkg/prx/graphql_complete.go:1407.54,1408.46 1 0
github.com/codeGROOVE-dev/prx/pkg/prx/graphql_complete.go:1408.46,1410.5 1 0
github.com/codeGROOVE-dev/prx/pkg/prx/graphql_complete.go:1413.24,1415.54 2 0
github.com/codeGROOVE-dev/prx/pkg/prx/graphql_complete.go:1415.54,1416.46 1 0
github.com/codeGROOVE-dev/prx/pkg/prx/graphql_complete.go:1416.46,1418.5 1 0
github.com/codeGROOVE-dev/prx/pkg/prx/graphql_complete.go:1421.25,1423.55 2 0
github.com/codeGROOVE-dev/prx/pkg/prx/graphql_complete.go:1423.55,1425.4 1 0
github.com/codeGROOVE-dev/prx/pkg/prx/graphql_complete.go:1427.27,1429.55 2 0
github.com/codeGROOVE-dev/prx/pkg/prx/graphql_complete.go:1429.55,1431.4 1 0
github.com/codeGROOVE-dev/prx/pkg/prx/graphql_complete.go:1433.30,1435.69 2 0
github.com/codeGROOVE-dev/prx/pkg/prx/graphql_complete.go:1435.69,1436.51 1 0
github.com/codeGROOVE-dev/prx/pkg/prx/graphql_complete.go:1436.51,1438.5 1 0
github.com/codeGROOVE-dev/prx/pkg/prx/graphql_complete.go:1438.10,1438.56 1 0
github.com/codeGROOVE-dev/prx/pkg/prx/graphql_complete.go:1438.56,1440.5 1 0
github.com/codeGROOVE-dev/prx/pkg/prx/graphql_complete.go:1443.35,1445.69 2 0
github.com/codeGROOVE-dev/prx/pkg/prx/graphql_complete.go:1445.69,1446.51 1 0
github.com/codeGROOVE-dev/prx/pkg/prx/graphql_complete.go:1446.51,1448.5 1 0
github.com/codeGROOVE-dev/prx/pkg/prx/graphql_complete.go:1448.10,1448.56 1 0
github.com/codeGROOVE-dev/prx/pkg/prx/graphql_complete.go:1448.56,1450.5 1 0
github.com/codeGROOVE-dev/prx/pkg/prx/graphql_complete.go:1453.24,1455.36 2 0
github.com/codeGROOVE-dev/prx/pkg/prx/graphql_complete.go:1457.29,1458.34 1 0
github.com/codeGROOVE-dev/prx/pkg/prx/graphql_complete.go:1460.29,1461.34 1 0
github.com/codeGROOVE-dev/prx/pkg/prx/graphql_complete.go:1463.21,1464.24 1 0
github.com/codeGROOVE-dev/prx/pkg/prx/graphql_complete.go:1466.23,1467.26 1 0
github.com/codeGROOVE-dev/prx/pkg/prx/graphql_complete.go:1469.21,1470.24 1 0
github.com/codeGROOVE-dev/prx/pkg/prx/graphql_complete.go:1472.31,1473.36 1 1
github.com/codeGROOVE-dev/prx/pkg/prx/graphql_complete.go:1475.32,1476.37 1 1
github.com/codeGROOVE-dev/prx/pkg/prx/graphql_complete.go:1478.30,1480.55 2 2
github.com/codeGROOVE-dev/prx/pkg/prx/graphql_complete.go:1480.55,1482.4 1 1
github.com/codeGROOVE-dev/prx/pkg/prx/graphql_complete.go:1484.29,1485.34 1 1
github.com/codeGROOVE-dev/prx/pkg/prx/graphql_complete.go:1487.33,1488.39 1 1
github.com/codeGROOVE-dev/prx/pkg/prx/graphql_complete.go:1490.33,1491.39 1 1
github.com/codeGROOVE-dev/prx/pkg/prx/graphql_complete.go:1493.29,1494.34 1 1
github.com/codeGROOVE-dev/prx/pkg/prx/graphql_complete.go:1496.30,1497.35 1 1
github.com/codeGROOVE-dev/prx/pkg/prx/graphql_complete.go:1499.27,1501.53 2 2
github.com/codeGROOVE-dev/prx/pkg/prx/graphql_complete.go:1501.53,1502.53 1 1
github.com/codeGROOVE-dev/prx/pkg/prx/graphql_complete.go:1502.53,1504.5 1 1
github.com/codeGROOVE-dev/prx/pkg/prx/graphql_complete.go:1507.21,1508.24 1 1
github.com/codeGROOVE-dev/prx/pkg/prx/graphql_complete.go:1510.23,1511.26 1 1
github.com/codeGROOVE-dev/prx/pkg/prx/graphql_complete.go:1513.32,1514.38 1 1
github.com/codeGROOVE-dev/prx/pkg/prx/graphql_complete.go:1516.36,1517.42 1 1
github.com/codeGROOVE-dev/prx/pkg/prx/graphql_complete.go:1519.43,1520.49 1 1
github.com/codeGROOVE-dev/prx/pkg/prx/graphql_complete.go:1522.40,1523.46 1 1
github.com/codeGROOVE-dev/prx/pkg/prx/graphql_complete.go:1525.24,1526.27 1 1
github.com/codeGROOVE-dev/prx/pkg/prx/graphql_complete.go:1528.27,1529.30 1 1
github.com/codeGROOVE-dev/prx/pkg/prx/graphql_complete.go:1531.30,1532.34 1 1
github.com/codeGROOVE-dev/prx/pkg/prx/graphql_complete.go:1534.25,1535.28 1 1
github.com/codeGROOVE-dev/prx/pkg/prx/graphql_complete.go:1537.25,1538.28 1 1
github.com/codeGROOVE-dev/prx/pkg/prx/graphql_complete.go:1540.27,1541.30 1 1
github.com/codeGROOVE-dev/prx/pkg/prx/graphql_complete.go:1543.23,1544.26 1 1
github.com/codeGROOVE-dev/prx/pkg/prx/graphql_complete.go:1546.43,1547.48 1 1
github.com/codeGROOVE-dev/prx/pkg/prx/graphql_complete.go:1549.21,1550.24 1 1
github.com/codeGROOVE-dev/prx/pkg/prx/graphql_complete.go:1552.23,1553.26 1 1
github.com/codeGROOVE-dev/prx/pkg/prx/graphql_complete.go:1555.26,1556.29 1 1
github.com/codeGROOVE-dev/prx/pkg/prx/graphql_complete.go:1558.26,1559.30 1 1
github.com/codeGROOVE-dev/prx/pkg/prx/graphql_complete.go:1561.10,1563.13 1 0
github.com/codeGROOVE-dev/prx/pkg/prx/graphql_complete.go:1566.2,1566.14 1 29
github.com/codeGROOVE-dev/prx/pkg/prx/graphql_complete.go:1570.109,1571.16 1 33
github.com/codeGROOVE-dev/prx/pkg/prx/graphql_complete.go:1571.16,1573.3 1 0
github.com/codeGROOVE-dev/prx/pkg/prx/graphql_complete.go:1575.2,1575.21 1 33
github.com/codeGROOVE-dev/prx/pkg/prx/graphql_complete.go:1576.31,1577.31 1 10
github.com/codeGROOVE-dev/prx/pkg/prx/graphql_complete.go:1578.16,1581.63 1 8
github.com/codeGROOVE-dev/prx/pkg/prx/graphql_complete.go:1582.70,1583.29 1 14
github.com/codeGROOVE-dev/prx/pkg/prx/graphql_complete.go:1584.10,1585.23 1 1
github.com/codeGROOVE-dev/prx/pkg/prx/graphql_complete.go:1591.97,1593.62 1 8
github.com/codeGROOVE-dev/prx/pkg/prx/graphql_complete.go:1593.62,1594.24 1 7
github.com/codeGROOVE-dev/prx/pkg/prx/graphql_complete.go:1595.37,1596.32 1 4
github.com/codeGROOVE-dev/prx/pkg/prx/graphql_complete.go:1597.33,1598.24 1 2
github.com/codeGROOVE-dev/prx/pkg/prx/graphql_complete.go:1599.11,1601.30 1 1
github.com/codeGROOVE-dev/prx/pkg/prx/graphql_complete.go:1606.2,1607.9 2 1
github.com/codeGROOVE-dev/prx/pkg/prx/graphql_complete.go:1607.9,1610.3 1 1
github.com/codeGROOVE-dev/prx/pkg/prx/graphql_complete.go:1612.2,1613.16 2 0
github.com/codeGROOVE-dev/prx/pkg/prx/graphql_complete.go:1613.16,1624.75 3 0
github.com/codeGROOVE-dev/prx/pkg/prx/graphql_complete.go:1624.75,1626.99 1 0
github.com/codeGROOVE-dev/prx/pkg/prx/graphql_complete.go:1626.99,1631.5 1 0
github.com/codeGROOVE-dev/prx/pkg/prx/graphql_complete.go:1634.3,1634.27 1 0
github.com/codeGROOVE-dev/prx/pkg/prx/graphql_complete.go:1638.2,1638.71 1 0
github.com/codeGROOVE-dev/prx/pkg/prx/graphql_complete.go:1638.71,1644.3 1 0
github.com/codeGROOVE-dev/prx/pkg/prx/graphql_complete.go:1646.2,1646.23 1 0
github.com/codeGROOVE-dev/prx/pkg/prx/graphql_complete.go:1647.36,1648.31 1 0
github.com/codeGROOVE-dev/prx/pkg/prx/graphql_complete.go:1649.32,1650.23 1 0
github.com/codeGROOVE-dev/prx/pkg/prx/graphql_complete.go:1651.10,1653.29 1 0
github.com/codeGROOVE-dev/prx/pkg/prx/graphql_complete.go:1658.92,1662.39 2 7
github.com/codeGROOVE-dev/prx/pkg/prx/graphql_complete.go:1662.39,1663.80 1 1
github.com/codeGROOVE-dev/prx/pkg/prx/graphql_complete.go:1663.80,1665.4 1 2
github.com/codeGROOVE-dev/prx/pkg/prx/graphql_complete.go:1669.2,1669.46 1 7
github.com/codeGROOVE-dev/prx/pkg/prx/graphql_complete.go:1669.46,1670.87 1 1
github.com/codeGROOVE-dev/prx/pkg/prx/graphql_complete.go:1670.87,1672.4 1 2
github.com/codeGROOVE-dev/prx/pkg/prx/graphql_complete.go:1675.2,1676.30 2 7
github.com/codeGROOVE-dev/prx/pkg/prx/graphql_complete.go:1676.30,1678.3 1 3
github.com/codeGROOVE-dev/prx/pkg/prx/graphql_complete.go:1679.2,1679.15 1 7
github.com/codeGROOVE-dev/prx/pkg/prx/graphql_complete.go:1683.87,1684.50 1 6
github.com/codeGROOVE-dev/prx/pkg/prx/graphql_complete.go:1684.50,1686.3 1 6
github.com/codeGROOVE-dev/prx/pkg/prx/graphql_complete.go:1688.2,1690.70 2 0
github.com/codeGROOVE-dev/prx/pkg/prx/graphql_complete.go:1690.70,1692.34 2 0
github.com/codeGROOVE-dev/prx/pkg/prx/graphql_complete.go:1692.34,1693.12 1 0
github.com/codeGROOVE-dev/prx/pkg/prx/graphql_complete.go:1697.3,1699.56 1 0
github.com/codeGROOVE-dev/prx/pkg/prx/graphql_complete.go:1699.56,1700.12 1 0
github.com/codeGROOVE-dev/prx/pkg/prx/graphql_complete.go:1703.3,1703.39 1 0
github.com/codeGROOVE-dev/prx/pkg/prx/graphql_complete.go:1704.17,1705.20 1 0
github.com/codeGROOVE-dev/prx/pkg/prx/graphql_complete.go:1706.22,1707.21 1 0
github.com/codeGROOVE-dev/prx/pkg/prx/graphql_complete.go:1708.11,1708.11 0 0
github.com/codeGROOVE-dev/prx/pkg/prx/graphql_complete.go:1712.3,1712.43 1 0
github.com/codeGROOVE-dev/prx/pkg/prx/graphql_complete.go:1713.50,1714.21 1 0
github.com/codeGROOVE-dev/prx/pkg/prx/graphql_complete.go:1715.11,1715.11 0 0
github.com/codeGROOVE-dev/prx/pkg/prx/graphql_complete.go:1720.2,1720.16 1 0
github.com/codeGROOVE-dev/prx/pkg/prx/graphql_complete.go:1720.16,1722.3 1 0
github.com/codeGROOVE-dev/prx/pkg/prx/graphql_complete.go:1723.2,1723.16 1 0
github.com/codeGROOVE-dev/prx/pkg/prx/graphql_complete.go:1723.16,1725.3 1 0
github.com/codeGROOVE-dev/prx/pkg/prx/graphql_complete.go:1726.2,1726.15 1 0
github.com/codeGROOVE-dev/prx/pkg/prx/graphql_complete.go:1726.15,1728.3 1 0
github.com/codeGROOVE-dev/prx/pkg/prx/graphql_complete.go:1729.2,1729.18 1 0
github.com/codeGROOVE-dev/prx/pkg/prx/pullrequest.go:101.118,110.130 6 12
github.com/codeGROOVE-dev/prx/pkg/prx/pullrequest.go:110.130,113.3 2 3
github.com/codeGROOVE-dev/prx/pkg/prx/pullrequest.go:115.2,115.38 1 12
github.com/codeGROOVE-dev/prx/pkg/prx/pullrequest.go:119.45,120.9 1 17
github.com/codeGROOVE-dev/prx/pkg/prx/pullrequest.go:121.96,122.43 1 3
github.com/codeGROOVE-dev/prx/pkg/prx/pullrequest.go:123.49,124.43 1 1
github.com/codeGROOVE-dev/prx/pkg/prx/pullrequest.go:125.49,126.43 1 2
github.com/codeGROOVE-dev/prx/pkg/prx/pullrequest.go:127.10,128.40 1 11
github.com/codeGROOVE-dev/prx/pkg/prx/pullrequest.go:133.56,134.36 1 19
github.com/codeGROOVE-dev/prx/pkg/prx/pullrequest.go:135.17,136.37 1 2
github.com/codeGROOVE-dev/prx/pkg/prx/pullrequest.go:137.15,138.92 1 2
github.com/codeGROOVE-dev/prx/pkg/prx/pullrequest.go:139.18,140.90 1 2
github.com/codeGROOVE-dev/prx/pkg/prx/pullrequest.go:141.15,142.65 1 5
github.com/codeGROOVE-dev/prx/pkg/prx/pullrequest.go:143.17,144.77 1 5
github.com/codeGROOVE-dev/prx/pkg/prx/pullrequest.go:145.15,146.65 1 2
github.com/codeGROOVE-dev/prx/pkg/prx/pullrequest.go:147.10,148.45 1 1
github.com/codeGROOVE-dev/prx/pkg/prx/pullrequest.go:153.54,158.9 4 8
github.com/codeGROOVE-dev/prx/pkg/prx/pullrequest.go:159.42,160.23 1 4
github.com/codeGROOVE-dev/prx/pkg/prx/pullrequest.go:160.23,162.4 1 1
github.com/codeGROOVE-dev/prx/pkg/prx/pullrequest.go:162.9,164.4 1 3
github.com/codeGROOVE-dev/prx/pkg/prx/pullrequest.go:165.24,166.20 1 2
github.com/codeGROOVE-dev/prx/pkg/prx/pullrequest.go:166.20,168.4 1 1
github.com/codeGROOVE-dev/prx/pkg/prx/pullrequest.go:168.9,170.4 1 1
github.com/codeGROOVE-dev/prx/pkg/prx/pullrequest.go:171.24,172.83 1 1
github.com/codeGROOVE-dev/prx/pkg/prx/pullrequest.go:173.10,174.121 1 1
github.com/codeGROOVE-dev/prx/pkg/prx/retry_transport.go:33.79,34.19 1 18
github.com/codeGROOVE-dev/prx/pkg/prx/retry_transport.go:34.19,36.3 1 0
github.com/codeGROOVE-dev/prx/pkg/prx/retry_transport.go:39.2,45.21 3 18
github.com/codeGROOVE-dev/prx/pkg/prx/retry_transport.go:45.21,48.17 3 18
github.com/codeGROOVE-dev/prx/pkg/prx/retry_transport.go:48.17,50.4 1 0
github.com/codeGROOVE-dev/prx/pkg/prx/retry_transport.go:51.3,51.52 1 18
github.com/codeGROOVE-dev/prx/pkg/prx/retry_transport.go:51.52,53.4 1 0
github.com/codeGROOVE-dev/prx/pkg/prx/retry_transport.go:56.2,60.16 3 18
github.com/codeGROOVE-dev/prx/pkg/prx/retry_transport.go:60.16,62.24 1 18
github.com/codeGROOVE-dev/prx/pkg/prx/retry_transport.go:62.24,64.5 1 18
github.com/codeGROOVE-dev/prx/pkg/prx/retry_transport.go:66.4,70.18 5 18
github.com/codeGROOVE-dev/prx/pkg/prx/retry_transport.go:70.18,77.5 3 0
github.com/codeGROOVE-dev/prx/pkg/prx/retry_transport.go:79.4,89.106 4 18
github.com/codeGROOVE-dev/prx/pkg/prx/retry_transport.go:89.106,92.5 2 0
github.com/codeGROOVE-dev/prx/pkg/prx/retry_transport.go:95.4,95.47 1 18
github.com/codeGROOVE-dev/prx/pkg/prx/retry_transport.go:95.47,96.80 1 0
github.com/codeGROOVE-dev/prx/pkg/prx/retry_transport.go:96.80,99.6 2 0
github.com/codeGROOVE-dev/prx/pkg/prx/retry_transport.go:102.4,102.19 1 18
github.com/codeGROOVE-dev/prx/pkg/prx/retry_transport.go:102.19,104.23 2 0
github.com/codeGROOVE-dev/prx/pkg/prx/retry_transport.go:104.23,107.6 2 0
github.com/codeGROOVE-dev/prx/pkg/prx/retry_transport.go:108.5,108.55 1 0
github.com/codeGROOVE-dev/prx/pkg/prx/retry_transport.go:108.55,110.6 1 0
github.com/codeGROOVE-dev/prx/pkg/prx/retry_transport.go:111.5,117.19 4 0
github.com/codeGROOVE-dev/prx/pkg/prx/retry_transport.go:120.4,120.14 1 18
github.com/codeGROOVE-dev/prx/pkg/prx/retry_transport.go:128.38,130.33 2 0
github.com/codeGROOVE-dev/prx/pkg/prx/retry_transport.go:130.33,132.5 1 0
github.com/codeGROOVE-dev/prx/pkg/prx/retry_transport.go:134.4,134.39 1 0
github.com/codeGROOVE-dev/prx/pkg/prx/retry_transport.go:134.39,135.55 1 0
github.com/codeGROOVE-dev/prx/pkg/prx/retry_transport.go:135.55,137.6 1 0
github.com/codeGROOVE-dev/prx/pkg/prx/retry_transport.go:139.4,139.16 1 0
github.com/codeGROOVE-dev/prx/pkg/prx/retry_transport.go:142.2,142.16 1 18
github.com/codeGROOVE-dev/prx/pkg/prx/retry_transport.go:142.16,143.21 1 0
github.com/codeGROOVE-dev/prx/pkg/prx/retry_transport.go:143.21,145.4 1 0
github.com/codeGROOVE-dev/prx/pkg/prx/retry_transport.go:146.3,146.18 1 0
github.com/codeGROOVE-dev/prx/pkg/prx/retry_transport.go:149.2,149.18 1 18
github.com/codeGROOVE-dev/prx/pkg/prx/retry_transport.go:157.41,159.2 1 4
github.com/codeGROOVE-dev/prx/pkg/prx/utils.go:104.28,106.37 2 1
github.com/codeGROOVE-dev/prx/pkg/prx/utils.go:106.37,109.18 2 69
github.com/codeGROOVE-dev/prx/pkg/prx/utils.go:109.18,110.12 1 0
github.com/codeGROOVE-dev/prx/pkg/prx/utils.go:112.3,112.26 1 69
github.com/codeGROOVE-dev/prx/pkg/prx/utils.go:112.26,114.4 1 144
github.com/codeGROOVE-dev/prx/pkg/prx/utils.go:116.3,119.79 3 69
github.com/codeGROOVE-dev/prx/pkg/prx/utils.go:126.41,128.33 1 71
github.com/codeGROOVE-dev/prx/pkg/prx/utils.go:128.33,130.3 1 10
github.com/codeGROOVE-dev/prx/pkg/prx/utils.go:133.2,133.19 1 61
github.com/codeGROOVE-dev/prx/pkg/prx/utils.go:133.19,135.3 1 2
github.com/codeGROOVE-dev/prx/pkg/prx/utils.go:138.2,141.40 2 59
github.com/codeGROOVE-dev/prx/pkg/prx/utils.go:141.40,142.27 1 2389
github.com/codeGROOVE-dev/prx/pkg/prx/utils.go:142.27,144.4 1 40
github.com/codeGROOVE-dev/prx/pkg/prx/utils.go:147.2,147.14 1 19
github.com/codeGROOVE-dev/prx/pkg/prx/utils.go:150.33,151.19 1 7
github.com/codeGROOVE-dev/prx/pkg/prx/utils.go:151.19,153.81 2 106
github.com/codeGROOVE-dev/prx/pkg/prx/utils.go:153.81,154.12 1 104
github.com/codeGROOVE-dev/prx/pkg/prx/utils.go:156.3,156.15 1 2
github.com/codeGROOVE-dev/prx/pkg/prx/utils.go:158.2,158.13 1 5
github.com/codeGROOVE-dev/prx/pkg/prx/utils.go:161.32,162.33 1 12
github.com/codeGROOVE-dev/prx/pkg/prx/utils.go:162.33,164.3 1 12
github.com/codeGROOVE-dev/prx/pkg/prx/utils.go:165.2,165.30 1 0
